Checking if encrypted instructions are up to date.
Encrypted instructions are up to date. Skipping build.
warning: profiles for the non root package will be ignored, specify profiles at the workspace root:
package:   /Users/progzzz/Desktop/SeQure copy 3/se_qure/programs/se_qure/Cargo.toml
workspace: /Users/progzzz/Desktop/SeQure copy 3/se_qure/Cargo.toml
   Compiling proc-macro2 v1.0.97 (https://github.com/arcium-hq/proc-macro2.git#b52c9661)
   Compiling quote v1.0.41
   Compiling unicode-ident v1.0.19
   Compiling version_check v0.9.5
   Compiling typenum v1.19.0
   Compiling serde_core v1.0.228
   Compiling serde v1.0.228
   Compiling syn v1.0.109
   Compiling generic-array v0.14.7
   Compiling equivalent v1.0.2
   Compiling winnow v0.7.13
   Compiling hashbrown v0.16.0
   Compiling indexmap v2.11.4
   Compiling toml_parser v1.0.3
   Compiling toml_datetime v0.7.2
   Compiling toml_edit v0.23.6
   Compiling proc-macro-crate v3.4.0
   Compiling cfg-if v1.0.3
   Compiling cfg_aliases v0.2.1
   Compiling subtle v2.6.1
   Compiling solana-define-syscall v2.3.0
   Compiling borsh v1.5.7
   Compiling once_cell v1.21.3
   Compiling autocfg v1.5.0
   Compiling zerocopy v0.8.27
   Compiling five8_core v0.1.2
   Compiling syn v2.0.106
   Compiling ahash v0.8.12
   Compiling borsh-derive-internal v0.10.4
   Compiling five8 v0.2.1
   Compiling solana-atomic-u64 v2.2.1
   Compiling solana-sanitize v2.2.1
   Compiling borsh-schema-derive-internal v0.10.4
   Compiling num-traits v0.2.19
   Compiling five8_const v0.1.4
   Compiling bs58 v0.5.1
   Compiling libc v0.2.176
   Compiling block-buffer v0.10.4
   Compiling crypto-common v0.1.6
   Compiling digest v0.10.7
   Compiling solana-msg v2.2.1
   Compiling thiserror v1.0.69
   Compiling serde_derive v1.0.228
   Compiling borsh-derive v1.5.7
   Compiling bytemuck_derive v1.10.2
   Compiling sha2 v0.10.9
   Compiling bytemuck v1.24.0
   Compiling thiserror-impl v1.0.69
   Compiling hashbrown v0.13.2
   Compiling solana-sdk-macro v2.2.1
   Compiling solana-decode-error v2.3.0
   Compiling solana-program-memory v2.3.1
   Compiling thiserror v2.0.17
   Compiling thiserror-impl v2.0.17
   Compiling cpufeatures v0.2.17
   Compiling keccak v0.1.5
   Compiling num-derive v0.4.2
   Compiling find-msvc-tools v0.1.3
   Compiling shlex v1.3.0
   Compiling cc v1.2.40
   Compiling serde_json v1.0.145
   Compiling feature-probe v0.1.1
   Compiling bv v0.11.1
   Compiling solana-program-option v2.2.1
   Compiling itoa v1.0.15
   Compiling unicode-segmentation v1.12.0
   Compiling anyhow v1.0.100
   Compiling ryu v1.0.20
   Compiling memchr v2.7.6
   Compiling blake3 v1.8.2
   Compiling toml v0.5.11
   Compiling solana-hash v2.3.0
   Compiling solana-sha256-hasher v2.3.0
   Compiling bincode v1.3.3
   Compiling proc-macro-crate v0.1.5
   Compiling zeroize_derive v1.4.2
   Compiling borsh-derive v0.10.4
   Compiling serde_bytes v0.11.19
   Compiling borsh v0.10.4
   Compiling arrayvec v0.7.6
   Compiling constant_time_eq v0.3.1
   Compiling log v0.4.28
   Compiling arrayref v0.3.9
   Compiling solana-fee-calculator v2.2.1
   Compiling zeroize v1.8.2
   Compiling solana-short-vec v2.2.1
   Compiling memoffset v0.9.1
   Compiling rand_core v0.6.4
   Compiling lazy_static v1.5.0
   Compiling byteorder v1.5.0
   Compiling solana-serde-varint v2.2.2
   Compiling heck v0.3.3
   Compiling sha3 v0.10.8
   Compiling base64 v0.22.1
   Compiling solana-keccak-hasher v2.2.1
   Compiling solana-blake3-hasher v2.2.1
   Compiling solana-big-mod-exp v2.2.1
   Compiling getrandom v0.2.16
   Compiling solana-native-token v2.3.0
   Compiling spl-discriminator-syn v0.2.1
   Compiling rustversion v1.0.22
   Compiling spl-discriminator-derive v0.2.0
   Compiling spl-program-error-derive v0.4.1
   Compiling anchor-syn v0.31.1
   Compiling anchor-lang-idl-spec v0.1.0
   Compiling num_enum_derive v0.7.4
   Compiling anchor-lang-idl v0.1.2
   Compiling anchor-derive-space v0.31.1
   Compiling solana-secp256k1-recover v2.2.1
   Compiling solana-curve25519 v2.3.12
   Compiling base64 v0.21.7
   Compiling solana-security-txt v1.1.1
   Compiling arcis-interface v0.3.0
   Compiling convert_case v0.8.0
   Compiling sha2-const-stable v0.1.0
   Compiling arcium-macros v0.3.0
   Compiling solana-pubkey v2.4.0
   Compiling solana-borsh v2.2.1
   Compiling anchor-attribute-account v0.31.1
   Compiling solana-instruction v2.3.0
   Compiling solana-sdk-ids v2.2.1
   Compiling solana-sysvar-id v2.2.1
   Compiling solana-clock v2.2.2
   Compiling solana-program-error v2.2.2
   Compiling solana-system-interface v1.0.0
   Compiling solana-serialize-utils v2.2.1
   Compiling solana-stable-layout v2.2.1
   Compiling solana-rent v2.2.1
   Compiling solana-slot-hashes v2.2.1
   Compiling solana-account-info v2.3.0
   Compiling solana-bincode v2.2.1
   Compiling solana-transaction-error v2.2.1
   Compiling solana-cpi v2.2.1
   Compiling solana-program-entrypoint v2.3.0
   Compiling solana-instructions-sysvar v2.2.2
   Compiling solana-last-restart-slot v2.2.1
   Compiling solana-epoch-schedule v2.2.1
   Compiling solana-epoch-rewards v2.2.1
   Compiling solana-slot-history v2.2.1
   Compiling merlin v3.0.0
   Compiling solana-loader-v3-interface v5.0.0
   Compiling solana-zk-sdk v2.3.12
   Compiling solana-loader-v4-interface v2.2.1
   Compiling solana-message v2.4.0
   Compiling solana-program-pack v2.2.1
   Compiling solana-loader-v2-interface v2.2.1
   Compiling solana-nonce v2.2.1
   Compiling spl-discriminator v0.4.1
   Compiling solana-stake-interface v1.2.1
   Compiling solana-account v2.2.1
   Compiling solana-vote-interface v2.2.6
   Compiling solana-address-lookup-table-interface v2.2.2
   Compiling solana-feature-gate-interface v2.2.2
   Compiling spl-memo v6.0.0
   Compiling anchor-derive-accounts v0.31.1
   Compiling num_enum v0.7.4
   Compiling anchor-attribute-program v0.31.1
   Compiling anchor-attribute-event v0.31.1
   Compiling solana-sysvar v2.3.0
   Compiling anchor-derive-serde v0.31.1
   Compiling anchor-attribute-constant v0.31.1
   Compiling anchor-attribute-access-control v0.31.1
   Compiling spl-pod v0.5.1
   Compiling spl-token-confidential-transfer-ciphertext-arithmetic v0.2.1
   Compiling anchor-attribute-error v0.31.1
   Compiling spl-associated-token-account-client v2.0.0
   Compiling spl-type-length-value v0.7.0
   Compiling spl-token-group-interface v0.5.0
   Compiling spl-token-metadata-interface v0.6.0
   Compiling solana-program v2.3.0
   Compiling spl-program-error v0.6.0
   Compiling spl-token-confidential-transfer-proof-extraction v0.2.1
   Compiling spl-token v7.0.0
   Compiling anchor-lang v0.31.1
   Compiling spl-elgamal-registry v0.1.1
   Compiling spl-tlv-account-resolution v0.9.0
   Compiling spl-transfer-hook-interface v0.9.0
   Compiling spl-token-2022 v6.0.0
   Compiling spl-associated-token-account v6.0.0
   Compiling arcium-client v0.3.0
   Compiling anchor-spl v0.31.1
   Compiling arcium-anchor v0.3.1
Error: Function _ZN109_$LT$arcium_client..idl..arcium..utils..Account$u20$as$u20$core..convert..TryFrom$LT$$RF$$u5b$u8$u5d$$GT$$GT$8try_from17h79ac2d2eb022c331E Stack offset of 721512 exceeded max offset of 4096 by 717416 bytes, please minimize large stack variables. Estimated function frame size: 721528 bytes. Exceeding the maximum stack offset may cause undefined behavior during execution.

   Compiling se_qure v0.1.0 (/Users/progzzz/Desktop/SeQure copy 3/se_qure/programs/se_qure)
warning: use of deprecated method `anchor_lang::prelude::AccountInfo::<'a>::realloc`: Use AccountInfo::resize() instead
   --> programs/se_qure/src/lib.rs:201:1
    |
201 | #[arcium_program]
    | ^^^^^^^^^^^^^^^^^
    |
    = note: `#[warn(deprecated)]` on by default
    = note: this warning originates in the attribute macro `program` (in Nightly builds, run with -Z macro-backtrace for more info)

warning: unused variable: `instructor_computation_offset`
  --> programs/se_qure/src/legacy_functions.rs:13:5
   |
13 |     instructor_computation_offset: u64,  // For instructor analytics
   |     ^^^^^^^^^^^^^^^^^^^^^^^^^^^^^ help: if this is intentional, prefix it with an underscore: `_instructor_computation_offset`
   |
   = note: `#[warn(unused_variables)]` on by default

warning: unused variable: `creator_computation_offset`
  --> programs/se_qure/src/legacy_functions.rs:14:5
   |
14 |     creator_computation_offset: u64,     // For quiz creator analytics
   |     ^^^^^^^^^^^^^^^^^^^^^^^^^^ help: if this is intentional, prefix it with an underscore: `_creator_computation_offset`

warning: unused variable: `instructor_pub_key`
  --> programs/se_qure/src/legacy_functions.rs:24:5
   |
24 |     instructor_pub_key: [u8; 32],    // Instructor's public key
   |     ^^^^^^^^^^^^^^^^^^ help: if this is intentional, prefix it with an underscore: `_instructor_pub_key`

warning: unused variable: `instructor_nonce`
  --> programs/se_qure/src/legacy_functions.rs:25:5
   |
25 |     instructor_nonce: u128,          // Instructor's nonce
   |     ^^^^^^^^^^^^^^^^ help: if this is intentional, prefix it with an underscore: `_instructor_nonce`

warning: unused variable: `creator_pub_key`
  --> programs/se_qure/src/legacy_functions.rs:26:5
   |
26 |     creator_pub_key: [u8; 32],       // Creator's public key
   |     ^^^^^^^^^^^^^^^ help: if this is intentional, prefix it with an underscore: `_creator_pub_key`

warning: unused variable: `creator_nonce`
  --> programs/se_qure/src/legacy_functions.rs:27:5
   |
27 |     creator_nonce: u128,             // Creator's nonce
   |     ^^^^^^^^^^^^^ help: if this is intentional, prefix it with an underscore: `_creator_nonce`

warning: unused variable: `clock`
   --> programs/se_qure/src/legacy_functions.rs:103:9
    |
103 |     let clock = Clock::get()?;
    |         ^^^^^ help: if this is intentional, prefix it with an underscore: `_clock`

warning: unused variable: `quiz`
  --> programs/se_qure/src/legacy_functions.rs:82:5
   |
82 |     quiz: Pubkey,
   |     ^^^^ help: if this is intentional, prefix it with an underscore: `_quiz`

warning: unused variable: `access_controller_computation_offset`
  --> programs/se_qure/src/legacy_functions.rs:84:5
   |
84 |     access_controller_computation_offset: u64, // For access controller result
   |     ^^^^^^^^^^^^^^^^^^^^^^^^^^^^^^^^^^^^ help: if this is intentional, prefix it with an underscore: `_access_controller_computation_offset`

warning: unused variable: `auditor_computation_offset`
  --> programs/se_qure/src/legacy_functions.rs:85:5
   |
85 |     auditor_computation_offset: u64,     // For auditor result
   |     ^^^^^^^^^^^^^^^^^^^^^^^^^^ help: if this is intentional, prefix it with an underscore: `_auditor_computation_offset`

warning: unused variable: `ciphertext_passing_requirement`
   --> programs/se_qure/src/lib.rs:591:9
    |
591 |         ciphertext_passing_requirement: [u8; 32],   // Encrypted passing requirement
    |         ^^^^^^^^^^^^^^^^^^^^^^^^^^^^^^ help: if this is intentional, prefix it with an underscore: `_ciphertext_passing_requirement`

warning: unused variable: `ciphertext_passing_requirement`
   --> programs/se_qure/src/lib.rs:681:9
    |
681 |         ciphertext_passing_requirement: [u8; 32],   // Encrypted passing requirement
    |         ^^^^^^^^^^^^^^^^^^^^^^^^^^^^^^ help: if this is intentional, prefix it with an underscore: `_ciphertext_passing_requirement`

warning: unused variable: `ciphertext_passing_requirement`
   --> programs/se_qure/src/lib.rs:754:9
    |
754 |         ciphertext_passing_requirement: [u8; 32],   // Encrypted passing requirement
    |         ^^^^^^^^^^^^^^^^^^^^^^^^^^^^^^ help: if this is intentional, prefix it with an underscore: `_ciphertext_passing_requirement`

warning: unused variable: `threshold`
   --> programs/se_qure/src/lib.rs:906:9
    |
906 |         threshold: u8,  // Plaintext threshold (public parameter)
    |         ^^^^^^^^^ help: if this is intentional, prefix it with an underscore: `_threshold`

warning: function `submit_quiz_response_old` is never used
  --> programs/se_qure/src/legacy_functions.rs:10:8
   |
10 | pub fn submit_quiz_response_old(
   |        ^^^^^^^^^^^^^^^^^^^^^^^^
   |
   = note: `#[warn(dead_code)]` on by default

warning: function `verify_quiz_completion_legacy` is never used
  --> programs/se_qure/src/legacy_functions.rs:80:8
   |
80 | pub fn verify_quiz_completion_legacy(
   |        ^^^^^^^^^^^^^^^^^^^^^^^^^^^^^

Error: Function _ZN7se_qure9__private8__global30submit_special_survey_response17hbad23a4f69c29d14E Stack offset of 4288 exceeded max offset of 4096 by 192 bytes, please minimize large stack variables. Estimated function frame size: 4640 bytes. Exceeding the maximum stack offset may cause undefined behavior during execution.

Error: A function call in method _ZN7se_qure9__private8__global30submit_special_survey_response17hbad23a4f69c29d14E overwrites values in the frame. Please, decrease stack usage or remove parameters from the call.The function call may cause undefined behavior during execution.

Error: A function call in method _ZN7se_qure9__private8__global30submit_special_survey_response17hbad23a4f69c29d14E overwrites values in the frame. Please, decrease stack usage or remove parameters from the call.The function call may cause undefined behavior during execution.

Error: A function call in method _ZN7se_qure9__private8__global30submit_special_survey_response17hbad23a4f69c29d14E overwrites values in the frame. Please, decrease stack usage or remove parameters from the call.The function call may cause undefined behavior during execution.

Error: A function call in method _ZN7se_qure9__private8__global30submit_special_survey_response17hbad23a4f69c29d14E overwrites values in the frame. Please, decrease stack usage or remove parameters from the call.The function call may cause undefined behavior during execution.

Error: A function call in method _ZN7se_qure9__private8__global30submit_special_survey_response17hbad23a4f69c29d14E overwrites values in the frame. Please, decrease stack usage or remove parameters from the call.The function call may cause undefined behavior during execution.

Error: A function call in method _ZN7se_qure9__private8__global30submit_special_survey_response17hbad23a4f69c29d14E overwrites values in the frame. Please, decrease stack usage or remove parameters from the call.The function call may cause undefined behavior during execution.

Error: A function call in method _ZN7se_qure9__private8__global30submit_special_survey_response17hbad23a4f69c29d14E overwrites values in the frame. Please, decrease stack usage or remove parameters from the call.The function call may cause undefined behavior during execution.

Error: A function call in method _ZN7se_qure9__private8__global30submit_special_survey_response17hbad23a4f69c29d14E overwrites values in the frame. Please, decrease stack usage or remove parameters from the call.The function call may cause undefined behavior during execution.

Error: A function call in method _ZN7se_qure9__private8__global30submit_special_survey_response17hbad23a4f69c29d14E overwrites values in the frame. Please, decrease stack usage or remove parameters from the call.The function call may cause undefined behavior during execution.

Error: A function call in method _ZN7se_qure9__private8__global30submit_special_survey_response17hbad23a4f69c29d14E overwrites values in the frame. Please, decrease stack usage or remove parameters from the call.The function call may cause undefined behavior during execution.

Error: A function call in method _ZN7se_qure9__private8__global30submit_special_survey_response17hbad23a4f69c29d14E overwrites values in the frame. Please, decrease stack usage or remove parameters from the call.The function call may cause undefined behavior during execution.

Error: A function call in method _ZN7se_qure9__private8__global30submit_special_survey_response17hbad23a4f69c29d14E overwrites values in the frame. Please, decrease stack usage or remove parameters from the call.The function call may cause undefined behavior during execution.

Error: A function call in method _ZN7se_qure9__private8__global30submit_special_survey_response17hbad23a4f69c29d14E overwrites values in the frame. Please, decrease stack usage or remove parameters from the call.The function call may cause undefined behavior during execution.

Error: A function call in method _ZN7se_qure9__private8__global30submit_special_survey_response17hbad23a4f69c29d14E overwrites values in the frame. Please, decrease stack usage or remove parameters from the call.The function call may cause undefined behavior during execution.

Error: A function call in method _ZN7se_qure9__private8__global30submit_special_survey_response17hbad23a4f69c29d14E overwrites values in the frame. Please, decrease stack usage or remove parameters from the call.The function call may cause undefined behavior during execution.

Error: A function call in method _ZN7se_qure9__private8__global30submit_special_survey_response17hbad23a4f69c29d14E overwrites values in the frame. Please, decrease stack usage or remove parameters from the call.The function call may cause undefined behavior during execution.

Error: A function call in method _ZN7se_qure9__private8__global30submit_special_survey_response17hbad23a4f69c29d14E overwrites values in the frame. Please, decrease stack usage or remove parameters from the call.The function call may cause undefined behavior during execution.

Error: A function call in method _ZN7se_qure9__private8__global30submit_special_survey_response17hbad23a4f69c29d14E overwrites values in the frame. Please, decrease stack usage or remove parameters from the call.The function call may cause undefined behavior during execution.

Error: A function call in method _ZN7se_qure9__private8__global30submit_special_survey_response17hbad23a4f69c29d14E overwrites values in the frame. Please, decrease stack usage or remove parameters from the call.The function call may cause undefined behavior during execution.

warning: `se_qure` (lib) generated 17 warnings
    Finished `release` profile [optimized] target(s) in 39.52s
warning: profiles for the non root package will be ignored, specify profiles at the workspace root:
package:   /Users/progzzz/Desktop/SeQure copy 3/se_qure/programs/se_qure/Cargo.toml
workspace: /Users/progzzz/Desktop/SeQure copy 3/se_qure/Cargo.toml
   Compiling proc-macro2 v1.0.97 (https://github.com/arcium-hq/proc-macro2.git#b52c9661)
   Compiling unicode-ident v1.0.19
   Compiling quote v1.0.41
   Compiling version_check v0.9.5
   Compiling typenum v1.19.0
   Compiling libc v0.2.176
   Compiling cfg-if v1.0.3
   Compiling serde_core v1.0.228
   Compiling serde v1.0.228
   Compiling equivalent v1.0.2
   Compiling winnow v0.7.13
   Compiling generic-array v0.14.7
   Compiling hashbrown v0.16.0
   Compiling indexmap v2.11.4
   Compiling subtle v2.6.1
   Compiling syn v1.0.109
   Compiling zerocopy v0.8.27
   Compiling syn v2.0.106
   Compiling toml_parser v1.0.3
   Compiling toml_datetime v0.7.2
   Compiling toml_edit v0.23.6
   Compiling cpufeatures v0.2.17
   Compiling getrandom v0.2.16
   Compiling rand_core v0.6.4
   Compiling autocfg v1.5.0
   Compiling proc-macro-crate v3.4.0
   Compiling cfg_aliases v0.2.1
   Compiling borsh v1.5.7
   Compiling five8_core v0.1.2
   Compiling once_cell v1.21.3
   Compiling num-traits v0.2.19
   Compiling block-buffer v0.10.4
   Compiling crypto-common v0.1.6
   Compiling digest v0.10.7
   Compiling five8 v0.2.1
   Compiling ahash v0.8.12
   Compiling solana-sanitize v2.2.1
   Compiling semver v1.0.27
   Compiling rustc_version v0.4.1
   Compiling serde_derive v1.0.228
   Compiling bytemuck_derive v1.10.2
   Compiling borsh-derive v1.5.7
   Compiling bytemuck v1.24.0
   Compiling zeroize_derive v1.4.2
   Compiling zeroize v1.8.2
   Compiling borsh-derive-internal v0.10.4
   Compiling solana-atomic-u64 v2.2.1
   Compiling borsh-schema-derive-internal v0.10.4
   Compiling curve25519-dalek v4.1.3
   Compiling sha2 v0.10.9
   Compiling solana-decode-error v2.3.0
   Compiling five8_const v0.1.4
   Compiling bs58 v0.5.1
   Compiling memchr v2.7.6
   Compiling serde_json v1.0.145
   Compiling itoa v1.0.15
   Compiling ryu v1.0.20
   Compiling solana-msg v2.2.1
   Compiling thiserror v1.0.69
   Compiling thiserror-impl v1.0.69
   Compiling ppv-lite86 v0.2.21
   Compiling lazy_static v1.5.0
   Compiling solana-sdk-macro v2.2.1
   Compiling hashbrown v0.13.2
   Compiling opaque-debug v0.3.1
   Compiling thiserror v2.0.17
   Compiling thiserror-impl v2.0.17
   Compiling keccak v0.1.5
   Compiling toml v0.5.11
   Compiling bincode v1.3.3
   Compiling solana-program-memory v2.3.1
   Compiling crunchy v0.2.4
   Compiling sha3 v0.10.8
   Compiling rand_chacha v0.3.1
   Compiling proc-macro-crate v0.1.5
   Compiling num-derive v0.4.2
   Compiling solana-hash v2.3.0
   Compiling borsh-derive v0.10.4
   Compiling solana-sha256-hasher v2.3.0
   Compiling base64 v0.22.1
   Compiling borsh v0.10.4
   Compiling rand v0.8.5
   Compiling digest v0.9.0
   Compiling find-msvc-tools v0.1.3
   Compiling shlex v1.3.0
   Compiling getrandom v0.1.16
   Compiling cc v1.2.40
   Compiling inout v0.1.4
   Compiling arrayref v0.3.9
   Compiling anyhow v1.0.100
   Compiling cipher v0.4.4
   Compiling blake3 v1.8.2
   Compiling percent-encoding v2.3.2
   Compiling feature-probe v0.1.1
   Compiling fnv v1.0.7
   Compiling uriparse v0.6.4
   Compiling bv v0.11.1
   Compiling qstring v0.7.2
   Compiling universal-hash v0.5.1
   Compiling solana-program-option v2.2.1
   Compiling constant_time_eq v0.3.1
   Compiling derivation-path v0.2.0
   Compiling log v0.4.28
   Compiling arrayvec v0.7.6
   Compiling unicode-segmentation v1.12.0
   Compiling libsecp256k1-core v0.2.2
   Compiling solana-fee-calculator v2.2.1
   Compiling solana-derivation-path v2.2.1
   Compiling libsecp256k1-gen-genmult v0.2.1
   Compiling libsecp256k1-gen-ecmult v0.2.1
   Compiling polyval v0.6.2
   Compiling libsecp256k1 v0.6.0
   Compiling ctr v0.9.2
   Compiling aes v0.8.4
   Compiling solana-pubkey v2.4.0
   Compiling solana-instruction v2.3.0
   Compiling solana-sdk-ids v2.2.1
   Compiling solana-program-error v2.2.2
   Compiling solana-sysvar-id v2.2.1
   Compiling solana-transaction-error v2.2.1
   Compiling solana-account-info v2.3.0
   Compiling solana-system-interface v1.0.0
   Compiling solana-clock v2.2.2
   Compiling rand_core v0.5.1
   Compiling rand_chacha v0.2.2
   Compiling solana-slot-hashes v2.2.1
   Compiling solana-rent v2.2.1
   Compiling solana-serialize-utils v2.2.1
   Compiling serde_spanned v0.6.9
   Compiling toml_datetime v0.6.11
   Compiling solana-short-vec v2.2.1
   Compiling serde_bytes v0.11.19
   Compiling solana-signature v2.3.0
   Compiling hmac v0.12.1
   Compiling pbkdf2 v0.11.0
   Compiling aead v0.5.2
   Compiling block-buffer v0.9.0
   Compiling byteorder v1.5.0
   Compiling toml_write v0.1.2
   Compiling either v1.15.0
   Compiling toml_edit v0.22.27
   Compiling itertools v0.12.1
   Compiling merlin v3.0.0
   Compiling aes-gcm-siv v0.11.1
   Compiling sha2 v0.9.9
   Compiling solana-seed-phrase v2.2.1
   Compiling solana-signer v2.2.1
   Compiling rand v0.7.3
   Compiling solana-program-entrypoint v2.3.0
   Compiling solana-cpi v2.2.1
   Compiling solana-bincode v2.2.1
   Compiling solana-seed-derivable v2.2.1
   Compiling num-integer v0.1.46
   Compiling memoffset v0.9.1
   Compiling bitflags v2.9.4
   Compiling base64 v0.12.3
   Compiling solana-instructions-sysvar v2.2.2
   Compiling num-bigint v0.4.6
   Compiling solana-zk-sdk v2.3.12
   Compiling solana-message v2.4.0
   Compiling solana-slot-history v2.2.1
   Compiling toml v0.8.23
   Compiling solana-last-restart-slot v2.2.1
   Compiling solana-epoch-rewards v2.2.1
   Compiling solana-address-lookup-table-interface v2.2.2
   Compiling solana-stake-interface v1.2.1
   Compiling solana-account v2.2.1
   Compiling solana-epoch-schedule v2.2.1
   Compiling solana-nonce v2.2.1
   Compiling solana-borsh v2.2.1
   Compiling heck v0.3.3
   Compiling solana-keccak-hasher v2.2.1
   Compiling solana-serde-varint v2.2.2
   Compiling solana-example-mocks v2.2.1
   Compiling solana-feature-gate-interface v2.2.2
   Compiling solana-vote-interface v2.2.6
   Compiling cargo_toml v0.19.2
   Compiling solana-big-mod-exp v2.2.1
   Compiling solana-blake3-hasher v2.2.1
   Compiling solana-loader-v3-interface v5.0.0
   Compiling solana-loader-v2-interface v2.2.1
   Compiling solana-sysvar v2.3.0
   Compiling solana-loader-v4-interface v2.2.1
   Compiling solana-program-pack v2.2.1
   Compiling solana-stable-layout v2.2.1
   Compiling solana-native-token v2.3.0
   Compiling spl-discriminator-syn v0.2.1
   Compiling rustversion v1.0.22
   Compiling solana-curve25519 v2.3.12
   Compiling spl-discriminator-derive v0.2.0
   Compiling spl-program-error-derive v0.4.1
   Compiling spl-discriminator v0.4.1
   Compiling anchor-syn v0.31.1
   Compiling aho-corasick v1.1.3
   Compiling regex-syntax v0.8.6
   Compiling anchor-lang-idl-spec v0.1.0
   Compiling num_enum_derive v0.7.4
   Compiling regex-automata v0.4.11
   Compiling anchor-lang-idl v0.1.2
   Compiling num_enum v0.7.4
   Compiling spl-memo v6.0.0
   Compiling anchor-derive-space v0.31.1
   Compiling solana-secp256k1-recover v2.2.1
   Compiling solana-program v2.3.0
   Compiling solana-security-txt v1.1.1
   Compiling base64 v0.21.7
   Compiling spl-program-error v0.6.0
   Compiling spl-token v7.0.0
   Compiling spl-associated-token-account-client v2.0.0
   Compiling arcis-interface v0.3.0
   Compiling convert_case v0.8.0
   Compiling spl-pod v0.5.1
   Compiling anchor-derive-serde v0.31.1
   Compiling anchor-attribute-event v0.31.1
   Compiling anchor-attribute-constant v0.31.1
   Compiling anchor-attribute-error v0.31.1
   Compiling spl-type-length-value v0.7.0
   Compiling spl-token-confidential-transfer-proof-extraction v0.2.1
   Compiling spl-token-group-interface v0.5.0
   Compiling anchor-attribute-access-control v0.31.1
   Compiling anchor-derive-accounts v0.31.1
   Compiling spl-tlv-account-resolution v0.9.0
   Compiling spl-token-metadata-interface v0.6.0
   Compiling anchor-attribute-account v0.31.1
   Compiling spl-token-confidential-transfer-ciphertext-arithmetic v0.2.1
   Compiling spl-elgamal-registry v0.1.1
   Compiling spl-token-confidential-transfer-proof-generation v0.2.0
   Compiling regex v1.11.3
   Compiling anchor-attribute-program v0.31.1
   Compiling arcium-macros v0.3.0
   Compiling spl-transfer-hook-interface v0.9.0
   Compiling sha2-const-stable v0.1.0
   Compiling spl-token-2022 v6.0.0
   Compiling anchor-lang v0.31.1
   Compiling spl-associated-token-account v6.0.0
   Compiling anchor-spl v0.31.1
   Compiling arcium-client v0.3.0
   Compiling arcium-anchor v0.3.1
   Compiling se_qure v0.1.0 (/Users/progzzz/Desktop/SeQure copy 3/se_qure/programs/se_qure)
    Finished `test` profile [unoptimized + debuginfo] target(s) in 46.59s
     Running unittests src/lib.rs (/Users/progzzz/Desktop/SeQure copy 3/se_qure/target/debug/deps/se_qure-b65e263df8d9a7cb)
